2018-05-09 22:13:51.416248 INFO HADashboard: New dashboard connected: Main Panel
2018-05-09 22:13:59.486569 INFO HADashboard: New dashboard connected: Main Panel
2018-05-09 22:14:20.232015 INFO function [get_dashboard] finished in 86 ms
2018-05-09 22:14:20.657440 INFO HADashboard: New dashboard connected: Main Panel
2018-05-09 22:14:25.965324 WARNING Skin 'hygge' does not exist
2018-05-09 22:14:25.971806 WARNING ------------------------------------------------------------
2018-05-09 22:14:25.972008 WARNING Unexpected error during DASH creation
2018-05-09 22:14:25.972195 WARNING ------------------------------------------------------------
2018-05-09 22:14:26.003661 WARNING Traceback (most recent call last):
  File "/usr/lib/python3.6/site-packages/appdaemon/dashboard.py", line 834, in get_dashboard
    with open(include_path, "r") as include_file:
FileNotFoundError: [Errno 2] No such file or directory: '/config/appdaemon/compiled/html/hygge/hello_head.html'

2018-05-09 22:14:26.003825 WARNING ------------------------------------------------------------
2018-05-09 22:14:26.003983 INFO function [get_dashboard] finished in 38 ms
2018-05-09 22:14:26.048554 INFO HADashboard: Dashboard disconnected
2018-05-09 22:15:54.508788 INFO function [get_dashboard] finished in 31 ms
2018-05-09 22:15:54.832016 INFO HADashboard: New dashboard connected: Main Panel
2018-05-09 22:36:11.509324 INFO Compiling dashboard 'Hello'
2018-05-09 22:36:12.371945 INFO function [get_dashboard] finished in 933 ms
2018-05-09 22:36:12.384326 INFO HADashboard: Dashboard disconnected
2018-05-09 22:36:12.792078 INFO HADashboard: New dashboard connected: Main Panel
2018-05-09 22:39:06.525848 INFO HADashboard: New dashboard connected: Main Panel
2018-05-09 22:39:06.910411 INFO HADashboard: New dashboard connected: Main Panel
2018-05-09 22:39:07.131769 INFO HADashboard: New dashboard connected: Main Panel
2018-05-09 22:39:27.009777 INFO Loading custom skin 'hygge'
2018-05-09 22:39:27.088128 INFO Compiling dashboard 'Hello'
2018-05-09 22:39:27.313869 WARNING Variable definition not found in CSS Skin variables: $sensor_state_text_style
2018-05-09 22:39:27.314061 WARNING Variable definition not found in CSS Skin variables: $sensor_container_style
2018-05-09 22:39:27.564797 INFO function [get_dashboard] finished in 555 ms
2018-05-09 22:39:27.575480 INFO HADashboard: Dashboard disconnected
2018-05-09 22:39:27.983666 INFO HADashboard: New dashboard connected: Main Panel
2018-05-09 22:40:15.773949 INFO Loading custom skin 'hygge'
2018-05-09 22:40:15.786671 INFO Compiling dashboard 'Hello'
2018-05-09 22:40:15.999464 WARNING Variable definition not found in CSS Skin variables: $sensor_state_text_style
2018-05-09 22:40:15.999655 WARNING Variable definition not found in CSS Skin variables: $sensor_container_style
2018-05-09 22:40:16.219687 INFO function [get_dashboard] finished in 445 ms
2018-05-09 22:40:16.230203 INFO HADashboard: Dashboard disconnected
2018-05-09 22:40:16.625326 INFO HADashboard: New dashboard connected: Main Panel
2018-05-09 22:42:23.070862 INFO Loading custom skin 'hygge'
2018-05-09 22:42:23.084640 INFO Compiling dashboard 'Hello'
2018-05-09 22:42:23.249123 WARNING Variable definition not found in CSS Skin variables: $sensor_state_text_style
2018-05-09 22:42:23.249421 WARNING Variable definition not found in CSS Skin variables: $sensor_container_style
2018-05-09 22:42:23.518556 INFO function [get_dashboard] finished in 447 ms
2018-05-09 22:42:23.528496 INFO HADashboard: Dashboard disconnected
2018-05-09 22:42:23.932579 INFO HADashboard: New dashboard connected: Main Panel
2018-05-09 22:43:01.173329 INFO Loading custom skin 'hygge'
2018-05-09 22:43:01.211952 INFO function [get_dashboard] finished in 38 ms
2018-05-09 22:43:02.573283 INFO HADashboard: New dashboard connected: Main Panel
2018-05-09 22:54:23.188542 INFO HADashboard: Dashboard disconnected
2018-05-09 22:54:23.243991 INFO HADashboard: Dashboard disconnected
2018-05-09 22:54:23.244615 INFO HADashboard: Dashboard disconnected
2018-05-09 23:22:34.251310 INFO Loading custom skin 'hygge'
2018-05-09 23:22:34.385838 INFO Compiling dashboard 'Hello'
2018-05-09 23:22:34.568197 WARNING Variable definition not found in CSS Skin variables: $sensor_state_text_style
2018-05-09 23:22:34.568410 WARNING Variable definition not found in CSS Skin variables: $sensor_container_style
2018-05-09 23:22:34.604741 WARNING Variable definition not found in CSS Skin variables: $sensor_state_text_style
2018-05-09 23:22:34.604928 WARNING Variable definition not found in CSS Skin variables: $sensor_container_style
2018-05-09 23:22:34.934145 INFO function [get_dashboard] finished in 698 ms
2018-05-09 23:22:34.945610 INFO HADashboard: Dashboard disconnected
2018-05-09 23:22:35.405470 INFO HADashboard: New dashboard connected: Main Panel
2018-05-09 23:23:15.058705 INFO Loading custom skin 'hygge'
2018-05-09 23:23:15.096874 INFO function [get_dashboard] finished in 38 ms
2018-05-09 23:23:16.974205 INFO HADashboard: New dashboard connected: Main Panel
2018-05-09 23:27:12.149733 INFO Loading custom skin 'hygge'
2018-05-09 23:27:12.306677 INFO Compiling dashboard 'Hello'
2018-05-09 23:27:12.488866 WARNING Variable definition not found in CSS Skin variables: $sensor_state_text_style
2018-05-09 23:27:12.489168 WARNING Variable definition not found in CSS Skin variables: $sensor_container_style
2018-05-09 23:27:12.525694 WARNING Variable definition not found in CSS Skin variables: $sensor_state_text_style
2018-05-09 23:27:12.525918 WARNING Variable definition not found in CSS Skin variables: $sensor_container_style
2018-05-09 23:27:12.526296 WARNING Unable to find widget definition for 'omaha_weather(2x2'
2018-05-09 23:27:12.605241 WARNING Unable to find widget definition for ')'
2018-05-09 23:27:12.854870 INFO function [get_dashboard] finished in 727 ms
2018-05-09 23:27:12.872845 INFO HADashboard: Dashboard disconnected
2018-05-09 23:27:13.268381 INFO HADashboard: New dashboard connected: Main Panel
2018-05-09 23:27:29.777780 INFO Loading custom skin 'hygge'
2018-05-09 23:27:29.791119 INFO Compiling dashboard 'Hello'
2018-05-09 23:27:29.937815 WARNING Variable definition not found in CSS Skin variables: $sensor_state_text_style
2018-05-09 23:27:29.938006 WARNING Variable definition not found in CSS Skin variables: $sensor_container_style
2018-05-09 23:27:29.974391 WARNING Variable definition not found in CSS Skin variables: $sensor_state_text_style
2018-05-09 23:27:29.974582 WARNING Variable definition not found in CSS Skin variables: $sensor_container_style
2018-05-09 23:27:30.233527 INFO function [get_dashboard] finished in 455 ms
2018-05-09 23:27:30.239485 INFO HADashboard: Dashboard disconnected
2018-05-09 23:27:30.623339 INFO HADashboard: New dashboard connected: Main Panel
2018-05-09 23:27:37.123110 INFO Loading custom skin 'hygge'
2018-05-09 23:27:37.160034 INFO function [get_dashboard] finished in 36 ms
2018-05-09 23:27:38.640245 INFO HADashboard: New dashboard connected: Main Panel
2018-05-09 23:28:55.899143 INFO Loading custom skin 'hygge'
2018-05-09 23:28:55.912652 INFO Compiling dashboard 'Hello'
2018-05-09 23:28:56.060551 WARNING Variable definition not found in CSS Skin variables: $sensor_state_text_style
2018-05-09 23:28:56.060743 WARNING Variable definition not found in CSS Skin variables: $sensor_container_style
2018-05-09 23:28:56.097105 WARNING Variable definition not found in CSS Skin variables: $sensor_state_text_style
2018-05-09 23:28:56.097296 WARNING Variable definition not found in CSS Skin variables: $sensor_container_style
2018-05-09 23:28:56.347202 INFO function [get_dashboard] finished in 448 ms
2018-05-09 23:28:56.356839 INFO HADashboard: Dashboard disconnected
2018-05-09 23:28:56.759094 INFO HADashboard: New dashboard connected: Main Panel
2018-05-09 23:29:04.061176 INFO Loading custom skin 'hygge'
2018-05-09 23:29:04.099087 INFO function [get_dashboard] finished in 37 ms
2018-05-09 23:29:04.875608 INFO HADashboard: New dashboard connected: Main Panel
2018-05-09 23:35:03.485167 INFO Loading custom skin 'hygge'
2018-05-09 23:35:03.526766 INFO function [get_dashboard] finished in 41 ms
2018-05-09 23:35:04.703310 INFO HADashboard: New dashboard connected: Main Panel
2018-05-10 06:30:25.584910 INFO Compiling dashboard 'Hello'
2018-05-10 06:30:26.244969 INFO function [get_dashboard] finished in 703 ms
2018-05-10 06:30:27.348892 INFO HADashboard: New dashboard connected: Main Panel
2018-05-10 06:30:42.438175 INFO HADashboard: Dashboard disconnected
2018-05-10 18:39:05.522591 INFO function [get_dashboard] finished in 113 ms
2018-05-10 18:39:06.294932 INFO HADashboard: New dashboard connected: Main Panel
2018-05-10 18:39:14.106979 INFO HADashboard: Dashboard disconnected
2018-05-10 21:07:17.420878 INFO Loading custom skin 'hygge'
2018-05-10 21:07:17.524797 INFO Compiling dashboard 'Hello'
2018-05-10 21:07:17.704550 WARNING Variable definition not found in CSS Skin variables: $sensor_state_text_style
2018-05-10 21:07:17.704814 WARNING Variable definition not found in CSS Skin variables: $sensor_container_style
2018-05-10 21:07:17.741679 WARNING Variable definition not found in CSS Skin variables: $sensor_state_text_style
2018-05-10 21:07:17.741868 WARNING Variable definition not found in CSS Skin variables: $sensor_container_style
2018-05-10 21:07:18.148120 INFO function [get_dashboard] finished in 749 ms
2018-05-10 21:07:18.171379 INFO HADashboard: Dashboard disconnected
2018-05-10 21:07:18.963819 INFO HADashboard: New dashboard connected: Main Panel
2018-05-10 21:07:47.361478 INFO Loading custom skin 'hygge'
2018-05-10 21:07:47.374175 INFO Compiling dashboard 'Hello'
2018-05-10 21:07:47.520618 WARNING Variable definition not found in CSS Skin variables: $sensor_state_text_style
2018-05-10 21:07:47.520812 WARNING Variable definition not found in CSS Skin variables: $sensor_container_style
2018-05-10 21:07:47.561767 WARNING Variable definition not found in CSS Skin variables: $sensor_state_text_style
2018-05-10 21:07:47.561956 WARNING Variable definition not found in CSS Skin variables: $sensor_container_style
2018-05-10 21:07:47.562337 WARNING Unable to find widget definition for ''
2018-05-10 21:07:47.807295 INFO function [get_dashboard] finished in 445 ms
2018-05-10 21:07:47.815982 INFO HADashboard: Dashboard disconnected
2018-05-10 21:07:48.522473 INFO HADashboard: New dashboard connected: Main Panel
2018-05-10 21:08:00.657180 INFO Loading custom skin 'hygge'
2018-05-10 21:08:00.671112 INFO Compiling dashboard 'Hello'
2018-05-10 21:08:00.822185 WARNING Variable definition not found in CSS Skin variables: $sensor_state_text_style
2018-05-10 21:08:00.822467 WARNING Variable definition not found in CSS Skin variables: $sensor_container_style
2018-05-10 21:08:00.863719 WARNING Variable definition not found in CSS Skin variables: $sensor_state_text_style
2018-05-10 21:08:00.863915 WARNING Variable definition not found in CSS Skin variables: $sensor_container_style
2018-05-10 21:08:01.119413 INFO function [get_dashboard] finished in 462 ms
2018-05-10 21:08:01.684794 INFO HADashboard: Dashboard disconnected
2018-05-10 21:08:03.974809 INFO HADashboard: New dashboard connected: Main Panel
2018-05-10 21:20:22.921464 INFO Loading custom skin 'hygge'
2018-05-10 21:20:22.934667 INFO Compiling dashboard 'Hello'
2018-05-10 21:20:23.112852 WARNING Variable definition not found in CSS Skin variables: $sensor_state_text_style
2018-05-10 21:20:23.113139 WARNING Variable definition not found in CSS Skin variables: $sensor_container_style
2018-05-10 21:20:23.163274 WARNING Variable definition not found in CSS Skin variables: $sensor_state_text_style
2018-05-10 21:20:23.163606 WARNING Variable definition not found in CSS Skin variables: $sensor_container_style
2018-05-10 21:20:23.382474 INFO function [get_dashboard] finished in 461 ms
2018-05-10 21:20:23.392375 INFO HADashboard: Dashboard disconnected
2018-05-10 21:20:23.818108 INFO HADashboard: New dashboard connected: Main Panel
2018-05-10 21:20:51.200957 INFO Loading custom skin 'hygge'
2018-05-10 21:20:51.214083 INFO Compiling dashboard 'Hello'
2018-05-10 21:20:51.403650 WARNING Variable definition not found in CSS Skin variables: $sensor_state_text_style
2018-05-10 21:20:51.403916 WARNING Variable definition not found in CSS Skin variables: $sensor_container_style
2018-05-10 21:20:51.451743 WARNING Variable definition not found in CSS Skin variables: $sensor_state_text_style
2018-05-10 21:20:51.451931 WARNING Variable definition not found in CSS Skin variables: $sensor_container_style
2018-05-10 21:20:51.661560 INFO function [get_dashboard] finished in 460 ms
2018-05-10 21:20:51.678292 INFO HADashboard: Dashboard disconnected
2018-05-10 21:20:52.074045 INFO HADashboard: New dashboard connected: Main Panel
2018-05-10 21:21:15.602906 INFO Loading custom skin 'hygge'
2018-05-10 21:21:15.641439 INFO function [get_dashboard] finished in 38 ms
2018-05-10 21:21:16.958570 INFO HADashboard: New dashboard connected: Main Panel
2018-05-11 06:35:12.866132 INFO HADashboard: Dashboard disconnected
2018-05-11 23:09:22.085252 INFO Loading custom skin 'hygge'
2018-05-11 23:09:22.336357 INFO function [get_dashboard] finished in 279 ms
2018-05-11 23:09:23.752441 INFO HADashboard: New dashboard connected: Main Panel
2018-05-12 09:12:05.968333 INFO HADashboard: New dashboard connected: Main Panel
2018-05-12 09:12:06.005681 INFO HADashboard: New dashboard connected: Main Panel
2018-05-12 09:12:06.014568 INFO HADashboard: New dashboard connected: Main Panel
2018-05-12 09:12:06.040293 INFO HADashboard: New dashboard connected: Main Panel
2018-05-12 09:12:06.061659 INFO HADashboard: New dashboard connected: Main Panel
2018-05-12 09:12:06.083449 INFO HADashboard: New dashboard connected: Main Panel
2018-05-12 09:12:21.439720 INFO HADashboard: Dashboard disconnected
2018-05-12 09:12:21.440475 INFO HADashboard: Dashboard disconnected
2018-05-12 09:12:21.440992 INFO HADashboard: Dashboard disconnected
2018-05-12 09:12:21.441468 INFO HADashboard: Dashboard disconnected
2018-05-12 09:12:21.441948 INFO HADashboard: Dashboard disconnected
2018-05-12 09:12:21.442429 INFO HADashboard: Dashboard disconnected
2018-05-12 14:36:07.730629 INFO Loading custom skin 'hygge'
2018-05-12 14:36:07.947744 INFO function [get_dashboard] finished in 236 ms
2018-05-12 14:36:09.444670 INFO HADashboard: New dashboard connected: Main Panel
2018-05-13 20:12:04.078308 INFO Loading custom skin 'hygge'
2018-05-13 20:12:04.284543 INFO function [get_dashboard] finished in 224 ms
2018-05-13 20:12:04.903537 INFO HADashboard: New dashboard connected: Main Panel
2018-05-14 09:00:07.364442 INFO HADashboard: New dashboard connected: Main Panel
2018-05-14 09:00:15.062880 INFO HADashboard: New dashboard connected: Main Panel
2018-05-14 09:00:15.143820 INFO HADashboard: New dashboard connected: Main Panel
2018-05-14 09:00:16.308315 INFO HADashboard: New dashboard connected: Main Panel
2018-05-14 09:00:16.383602 INFO HADashboard: New dashboard connected: Main Panel
2018-05-14 09:00:33.802813 INFO HADashboard: New dashboard connected: Main Panel
2018-05-14 09:00:34.812250 INFO HADashboard: New dashboard connected: Main Panel
2018-05-14 09:00:34.840675 INFO HADashboard: New dashboard connected: Main Panel
2018-05-14 09:59:36.232984 INFO HADashboard: Dashboard disconnected
2018-05-14 18:50:17.582057 INFO Loading custom skin 'hygge'
2018-05-14 18:50:17.721178 INFO Compiling dashboard 'Hello'
2018-05-14 18:50:17.949331 WARNING Variable definition not found in CSS Skin variables: $sensor_state_text_style
2018-05-14 18:50:17.949597 WARNING Variable definition not found in CSS Skin variables: $sensor_container_style
2018-05-14 18:50:18.003307 WARNING Variable definition not found in CSS Skin variables: $sensor_state_text_style
2018-05-14 18:50:18.003548 WARNING Variable definition not found in CSS Skin variables: $sensor_container_style
2018-05-14 18:50:18.345627 INFO function [get_dashboard] finished in 789 ms
2018-05-14 18:50:19.338530 INFO HADashboard: New dashboard connected: Main Panel
2018-05-14 18:59:45.235421 INFO HADashboard: Dashboard disconnected
2018-05-15 18:00:32.136985 INFO HADashboard: New dashboard connected: Main Panel
2018-05-15 18:00:38.261606 INFO HADashboard: New dashboard connected: Main Panel
2018-05-15 18:00:49.809447 INFO HADashboard: New dashboard connected: Main Panel
2018-05-15 18:00:52.784320 INFO HADashboard: New dashboard connected: Main Panel
2018-05-15 18:00:53.805755 INFO HADashboard: New dashboard connected: Main Panel
2018-05-15 18:00:54.780085 INFO HADashboard: New dashboard connected: Main Panel
2018-05-15 18:00:56.150952 INFO HADashboard: New dashboard connected: Main Panel
2018-05-23 20:37:53.472814 INFO HADashboard: New dashboard connected: Main Panel
2018-05-23 20:37:54.859488 INFO HADashboard: New dashboard connected: Main Panel
2018-05-23 20:38:07.818154 INFO HADashboard: New dashboard connected: Main Panel
2018-05-23 20:38:10.653094 INFO HADashboard: New dashboard connected: Main Panel
2018-05-23 20:38:21.656703 INFO HADashboard: New dashboard connected: Main Panel
2018-05-23 20:38:21.679791 INFO HADashboard: New dashboard connected: Main Panel
2018-05-23 20:38:25.079284 INFO HADashboard: New dashboard connected: Main Panel
2018-07-26 16:22:16.907221 INFO Loading custom skin 'hygge'
2018-07-26 16:22:16.966589 INFO Compiling dashboard 'Hello'
2018-07-26 16:22:17.206229 WARNING Variable definition not found in CSS Skin variables: $sensor_state_text_style
2018-07-26 16:22:17.206539 WARNING Variable definition not found in CSS Skin variables: $sensor_container_style
2018-07-26 16:22:17.257309 WARNING Variable definition not found in CSS Skin variables: $sensor_state_text_style
2018-07-26 16:22:17.257532 WARNING Variable definition not found in CSS Skin variables: $sensor_container_style
2018-07-26 16:22:17.632942 INFO function [get_dashboard] finished in 738 ms
2018-07-26 16:22:19.487588 INFO HADashboard: New dashboard connected: Main Panel
2018-07-26 17:05:23.629308 INFO HADashboard: New dashboard connected: Main Panel
2018-07-26 17:05:30.221463 INFO HADashboard: Dashboard disconnected
2018-07-26 17:18:55.230655 INFO HADashboard: Dashboard disconnected
2018-07-26 17:18:56.129056 INFO HADashboard: New dashboard connected: Main Panel
2018-07-26 17:55:43.101456 INFO HADashboard: Dashboard disconnected
2018-07-26 18:19:41.902129 INFO HADashboard: New dashboard connected: Main Panel
2018-07-26 19:39:50.162017 INFO HADashboard: New dashboard connected: Main Panel
2018-07-26 19:39:57.875786 INFO HADashboard: Dashboard disconnected
